<?xml version="1.0" encoding="UTF-8"?>
<!-- Generated by org.testng.reporters.JUnitXMLReporter -->
<testsuite ignored="0" hostname="LAPTOP-Q8QTPS5R" failures="1" tests="2" name="LaunchApp - Mobile- Emulator" time="90.521" errors="0" timestamp="24 Jun 2021 22:58:11 GMT">
  <testcase classname="TestPackage.SunAndSandSports_MobileTest" name="InvalidLogin" time="36.329"/>
  <testcase classname="TestPackage.SunAndSandSports_MobileTest" name="ValidLogin" time="35.88">
    <failure type="java.lang.AssertionError" message="expected [true] but found [false]">
      <![CDATA[java.lang.AssertionError: expected [true] but found [false]at TestPackage.SunAndSandSports_MobileTest.ValidLogin(SunAndSandSports_MobileTest.java:60)... Removed 29 stack frames]]>
    </failure>
  </testcase> <!-- ValidLogin -->
</testsuite> <!-- LaunchApp - Mobile- Emulator -->
