<?xml version="1.0" encoding="UTF-8"?>
<!-- Generated by org.testng.reporters.JUnitXMLReporter -->
<testsuite ignored="0" hostname="LAPTOP-Q8QTPS5R" failures="0" tests="3" name="Mobile Automation- Emulator" time="68.838" errors="0" timestamp="27 Jun 2021 23:35:53 GMT">
  <testcase classname="testPackage.SunAndSandSports_MobileTest" name="ValidLogin" time="8.894"/>
  <testcase classname="testPackage.SunAndSandSports_MobileTest" name="InvalidLogin" time="8.152"/>
  <testcase classname="testPackage.SunAndSandSports_MobileTest" name="VerifyAddToCartButtonFunctionality" time="9.384"/>
</testsuite> <!-- Mobile Automation- Emulator -->
