<?xml version="1.0" encoding="UTF-8"?>
<!-- Generated by org.testng.reporters.JUnitXMLReporter -->
<testsuite ignored="0" hostname="LAPTOP-Q8QTPS5R" failures="0" tests="5" name="API Automation" time="6.315" errors="0" timestamp="27 Jun 2021 21:11:47 GMT">
  <testcase classname="testPackage.APITest" name="validateResponseSize" time="3.87"/>
  <testcase classname="testPackage.APITest" name="validateHeaders" time="0.58"/>
  <testcase classname="testPackage.APITest" name="validateUserIDInResponse" time="0.62"/>
  <testcase classname="testPackage.APITest" name="validateKeysRetrived" time="0.636"/>
  <testcase classname="testPackage.APITest" name="validateResponseTitle" time="0.588"/>
</testsuite> <!-- API Automation -->
