<?xml version="1.0" encoding="UTF-8"?>
<!-- Generated by org.testng.reporters.JUnitXMLReporter -->
<testsuite ignored="1" hostname="LAPTOP-Q8QTPS5R" failures="0" tests="7" name="launchBrowser - Chrome" time="363.301" errors="0" timestamp="27 Jun 2021 19:39:11 GMT">
  <testcase classname="testPackage.SunAndSandSports_WebTest" name="launchBrowser" time="5.967"/>
  <testcase classname="testPackage.SunAndSandSports_WebTest" name="verifyAvailabilityOfITem" time="48.924"/>
  <testcase classname="testPackage.SunAndSandSports_WebTest" name="verifyCartGotUpdated" time="52.83"/>
  <testcase classname="testPackage.SunAndSandSports_WebTest" name="validationofItemsAdded" time="62.7"/>
  <testcase classname="testPackage.SunAndSandSports_WebTest" name="verifyCheckOutFunctionality" time="53.153"/>
  <testcase classname="testPackage.SunAndSandSports_WebTest" name="verifyContinueAsGuestFunctionalty" time="63.373"/>
  <testcase classname="testPackage.SunAndSandSports_WebTest" name="verifyEnteringCheckoutDetails" time="60.881"/>
  <testcase classname="testPackage.SunAndSandSports_WebTest" name="verifyAddToButtonColorChangeFunctionality" time="0.0">
    <ignored/>
  </testcase> <!-- verifyAddToButtonColorChangeFunctionality -->
</testsuite> <!-- launchBrowser - Chrome -->
