<?xml version="1.0" encoding="UTF-8"?>
<!-- Generated by org.testng.reporters.JUnitReportReporter -->
<testsuite hostname="LAPTOP-Q8QTPS5R" failures="0" tests="5" name="testPackage.APITest" time="7.141" errors="0" timestamp="27 Jun 2021 20:00:13 GMT" skipped="0">
  <testcase classname="testPackage.APITest" name="validateResponseSize" time="4.164"/>
  <testcase classname="testPackage.APITest" name="validateHeaders" time="0.809"/>
  <testcase classname="testPackage.APITest" name="validateUserIDInResponse" time="0.874"/>
  <testcase classname="testPackage.APITest" name="validateKeysRetrived" time="0.685"/>
  <testcase classname="testPackage.APITest" name="validateResponseTitle" time="0.609"/>
</testsuite> <!-- testPackage.APITest -->
